<?xml version="1.0" encoding="UTF-8"?>
<!-- Generated by org.testng.reporters.JUnitReportReporter -->
<testsuite hostname="DESKTOP-0OJ4LEB" failures="0" tests="2" name="org.example.TapPharmacy.SalesReturn" time="25.144" errors="0" timestamp="2025-03-20T11:12:25 IST" skipped="0">
  <testcase classname="org.example.TapPharmacy.SalesReturn" name="testLogin" time="25.141"/>
  <testcase classname="org.example.TapPharmacy.SalesReturn" name="testLocationSelection" time="0.003"/>
</testsuite> <!-- org.example.TapPharmacy.SalesReturn -->
